labels [u'g0', u'n', u'NH', u'U', u'Z', u'Av', u'fesc']
inputs /opt/game/games/dwarf/lines.dat
errors /opt/game/games/dwarf/errors.dat
library /opt/game/games/dwarf/labels.dat
output /opt/game/game/output/out-test-24/
additional files? False
n processors 12
n repetitions 10
n estimators 50
built AdaBoostRegressor with 50 estimators
# of input  models: 11124
# of unique models: 12
calling pool
2019-03-08 07:50:29 started pool 11 will do 10 repetitions
Model 11/12 completed...
2019-03-08 07:50:28 started pool 2 will do 10 repetitions
Model 2/12 completed...
2019-03-08 07:50:28 started pool 1 will do 10 repetitions
Model 1/12 completed...
2019-03-08 07:50:29 started pool 12 will do 10 repetitions
Model 12/12 completed...
2019-03-08 07:50:29 started pool 3 will do 10 repetitions
Model 3/12 completed...
2019-03-08 07:50:29 started pool 5 will do 10 repetitions
Model 5/12 completed...
2019-03-08 07:50:29 started pool 7 will do 10 repetitions
Model 7/12 completed...
2019-03-08 07:50:29 started pool 9 will do 10 repetitions
Model 9/12 completed...
2019-03-08 07:50:29 started pool 8 will do 10 repetitions
Model 8/12 completed...
2019-03-08 07:50:29 started pool 10 will do 10 repetitions
Model 10/12 completed...
2019-03-08 07:50:29 started pool 4 will do 10 repetitions
Model 4/12 completed...
2019-03-08 07:50:29 started pool 6 will do 10 repetitions
Model 6/12 completed...
Elapsed time for ML: 2519.44893003
Writing output files
